2024-10-27 21:47:00,657 ERROR Hippodrome: Horses list is null
2024-10-27 21:47:00,688 DEBUG Horse: Создание Horse, имя [0], скорость [0.0]
2024-10-27 21:47:00,689 DEBUG Horse: Создание Horse, имя [1], скорость [0.1]
2024-10-27 21:47:00,689 DEBUG Horse: Создание Horse, имя [2], скорость [0.2]
2024-10-27 21:47:00,689 DEBUG Horse: Создание Horse, имя [3], скорость [0.3]
2024-10-27 21:47:00,689 DEBUG Horse: Создание Horse, имя [4], скорость [0.4]
2024-10-27 21:47:00,689 DEBUG Horse: Создание Horse, имя [5], скорость [0.5]
2024-10-27 21:47:00,689 DEBUG Horse: Создание Horse, имя [6], скорость [0.6]
2024-10-27 21:47:00,690 DEBUG Horse: Создание Horse, имя [7], скорость [0.7]
2024-10-27 21:47:00,690 DEBUG Horse: Создание Horse, имя [8], скорость [0.8]
2024-10-27 21:47:00,690 DEBUG Horse: Создание Horse, имя [9], скорость [0.9]
2024-10-27 21:47:00,690 DEBUG Horse: Создание Horse, имя [10], скорость [1.0]
2024-10-27 21:47:00,690 DEBUG Horse: Создание Horse, имя [11], скорость [1.1]
2024-10-27 21:47:00,690 DEBUG Horse: Создание Horse, имя [12], скорость [1.2]
2024-10-27 21:47:00,690 DEBUG Horse: Создание Horse, имя [13], скорость [1.3]
2024-10-27 21:47:00,690 DEBUG Horse: Создание Horse, имя [14], скорость [1.4]
2024-10-27 21:47:00,690 DEBUG Horse: Создание Horse, имя [15], скорость [1.5]
2024-10-27 21:47:00,690 DEBUG Horse: Создание Horse, имя [16], скорость [1.6]
2024-10-27 21:47:00,691 DEBUG Horse: Создание Horse, имя [17], скорость [1.7]
2024-10-27 21:47:00,691 DEBUG Horse: Создание Horse, имя [18], скорость [1.8]
2024-10-27 21:47:00,691 DEBUG Horse: Создание Horse, имя [19], скорость [1.9]
2024-10-27 21:47:00,691 DEBUG Horse: Создание Horse, имя [20], скорость [2.0]
2024-10-27 21:47:00,691 DEBUG Horse: Создание Horse, имя [21], скорость [2.1]
2024-10-27 21:47:00,691 DEBUG Horse: Создание Horse, имя [22], скорость [2.2]
2024-10-27 21:47:00,691 DEBUG Horse: Создание Horse, имя [23], скорость [2.3]
2024-10-27 21:47:00,691 DEBUG Horse: Создание Horse, имя [24], скорость [2.4]
2024-10-27 21:47:00,691 DEBUG Horse: Создание Horse, имя [25], скорость [2.5]
2024-10-27 21:47:00,691 DEBUG Horse: Создание Horse, имя [26], скорость [2.6]
2024-10-27 21:47:00,691 DEBUG Horse: Создание Horse, имя [27], скорость [2.7]
2024-10-27 21:47:00,691 DEBUG Horse: Создание Horse, имя [28], скорость [2.8]
2024-10-27 21:47:00,692 DEBUG Horse: Создание Horse, имя [29], скорость [2.9]
2024-10-27 21:47:00,692 DEBUG Hippodrome: Создание Hippodrome, лошадей [30]
2024-10-27 21:47:00,694 DEBUG Horse: Создание Horse, имя [0], скорость [0.0]
2024-10-27 21:47:00,694 DEBUG Horse: Создание Horse, имя [1], скорость [0.1]
2024-10-27 21:47:00,694 DEBUG Horse: Создание Horse, имя [2], скорость [0.2]
2024-10-27 21:47:00,694 DEBUG Horse: Создание Horse, имя [3], скорость [0.3]
2024-10-27 21:47:00,694 DEBUG Horse: Создание Horse, имя [4], скорость [0.4]
2024-10-27 21:47:00,694 DEBUG Horse: Создание Horse, имя [5], скорость [0.5]
2024-10-27 21:47:00,694 DEBUG Horse: Создание Horse, имя [6], скорость [0.6]
2024-10-27 21:47:00,694 DEBUG Horse: Создание Horse, имя [7], скорость [0.7]
2024-10-27 21:47:00,694 DEBUG Horse: Создание Horse, имя [8], скорость [0.8]
2024-10-27 21:47:00,694 DEBUG Horse: Создание Horse, имя [9], скорость [0.9]
2024-10-27 21:47:00,694 DEBUG Horse: Создание Horse, имя [10], скорость [1.0]
2024-10-27 21:47:00,695 DEBUG Horse: Создание Horse, имя [11], скорость [1.1]
2024-10-27 21:47:00,695 DEBUG Horse: Создание Horse, имя [12], скорость [1.2]
2024-10-27 21:47:00,695 DEBUG Horse: Создание Horse, имя [13], скорость [1.3]
2024-10-27 21:47:00,695 DEBUG Horse: Создание Horse, имя [14], скорость [1.4]
2024-10-27 21:47:00,695 DEBUG Horse: Создание Horse, имя [15], скорость [1.5]
2024-10-27 21:47:00,695 DEBUG Horse: Создание Horse, имя [16], скорость [1.6]
2024-10-27 21:47:00,695 DEBUG Horse: Создание Horse, имя [17], скорость [1.7]
2024-10-27 21:47:00,695 DEBUG Horse: Создание Horse, имя [18], скорость [1.8]
2024-10-27 21:47:00,695 DEBUG Horse: Создание Horse, имя [19], скорость [1.9]
2024-10-27 21:47:00,695 DEBUG Horse: Создание Horse, имя [20], скорость [2.0]
2024-10-27 21:47:00,695 DEBUG Horse: Создание Horse, имя [21], скорость [2.1]
2024-10-27 21:47:00,695 DEBUG Horse: Создание Horse, имя [22], скорость [2.2]
2024-10-27 21:47:00,696 DEBUG Horse: Создание Horse, имя [23], скорость [2.3]
2024-10-27 21:47:00,696 DEBUG Horse: Создание Horse, имя [24], скорость [2.4]
2024-10-27 21:47:00,696 DEBUG Horse: Создание Horse, имя [25], скорость [2.5]
2024-10-27 21:47:00,696 DEBUG Horse: Создание Horse, имя [26], скорость [2.6]
2024-10-27 21:47:00,696 DEBUG Horse: Создание Horse, имя [27], скорость [2.7]
2024-10-27 21:47:00,696 DEBUG Horse: Создание Horse, имя [28], скорость [2.8]
2024-10-27 21:47:00,696 DEBUG Horse: Создание Horse, имя [29], скорость [2.9]
2024-10-27 21:47:00,696 DEBUG Hippodrome: Создание Hippodrome, лошадей [30]
2024-10-27 21:47:01,517 DEBUG Horse: Создание Horse, имя [0], скорость [0.0]
2024-10-27 21:47:01,624 DEBUG Horse: Создание Horse, имя [1], скорость [0.1]
2024-10-27 21:47:01,625 DEBUG Horse: Создание Horse, имя [2], скорость [0.2]
2024-10-27 21:47:01,625 DEBUG Horse: Создание Horse, имя [3], скорость [0.3]
2024-10-27 21:47:01,626 DEBUG Horse: Создание Horse, имя [4], скорость [0.4]
2024-10-27 21:47:01,626 DEBUG Horse: Создание Horse, имя [5], скорость [0.5]
2024-10-27 21:47:01,627 DEBUG Horse: Создание Horse, имя [6], скорость [0.6]
2024-10-27 21:47:01,627 DEBUG Horse: Создание Horse, имя [7], скорость [0.7]
2024-10-27 21:47:01,627 DEBUG Horse: Создание Horse, имя [8], скорость [0.8]
2024-10-27 21:47:01,628 DEBUG Horse: Создание Horse, имя [9], скорость [0.9]
2024-10-27 21:47:01,628 DEBUG Horse: Создание Horse, имя [10], скорость [1.0]
2024-10-27 21:47:01,629 DEBUG Horse: Создание Horse, имя [11], скорость [1.1]
2024-10-27 21:47:01,629 DEBUG Horse: Создание Horse, имя [12], скорость [1.2]
2024-10-27 21:47:01,630 DEBUG Horse: Создание Horse, имя [13], скорость [1.3]
2024-10-27 21:47:01,630 DEBUG Horse: Создание Horse, имя [14], скорость [1.4]
2024-10-27 21:47:01,630 DEBUG Horse: Создание Horse, имя [15], скорость [1.5]
2024-10-27 21:47:01,631 DEBUG Horse: Создание Horse, имя [16], скорость [1.6]
2024-10-27 21:47:01,631 DEBUG Horse: Создание Horse, имя [17], скорость [1.7]
2024-10-27 21:47:01,632 DEBUG Horse: Создание Horse, имя [18], скорость [1.8]
2024-10-27 21:47:01,632 DEBUG Horse: Создание Horse, имя [19], скорость [1.9]
2024-10-27 21:47:01,632 DEBUG Horse: Создание Horse, имя [20], скорость [2.0]
2024-10-27 21:47:01,632 DEBUG Horse: Создание Horse, имя [21], скорость [2.1]
2024-10-27 21:47:01,633 DEBUG Horse: Создание Horse, имя [22], скорость [2.2]
2024-10-27 21:47:01,633 DEBUG Horse: Создание Horse, имя [23], скорость [2.3]
2024-10-27 21:47:01,634 DEBUG Horse: Создание Horse, имя [24], скорость [2.4]
2024-10-27 21:47:01,634 DEBUG Horse: Создание Horse, имя [25], скорость [2.5]
2024-10-27 21:47:01,634 DEBUG Horse: Создание Horse, имя [26], скорость [2.6]
2024-10-27 21:47:01,635 DEBUG Horse: Создание Horse, имя [27], скорость [2.7]
2024-10-27 21:47:01,635 DEBUG Horse: Создание Horse, имя [28], скорость [2.8]
2024-10-27 21:47:01,636 DEBUG Horse: Создание Horse, имя [29], скорость [2.9]
2024-10-27 21:47:01,636 DEBUG Horse: Создание Horse, имя [30], скорость [3.0]
2024-10-27 21:47:01,636 DEBUG Horse: Создание Horse, имя [31], скорость [3.1]
2024-10-27 21:47:01,637 DEBUG Horse: Создание Horse, имя [32], скорость [3.2]
2024-10-27 21:47:01,637 DEBUG Horse: Создание Horse, имя [33], скорость [3.3]
2024-10-27 21:47:01,638 DEBUG Horse: Создание Horse, имя [34], скорость [3.4]
2024-10-27 21:47:01,638 DEBUG Horse: Создание Horse, имя [35], скорость [3.5]
2024-10-27 21:47:01,638 DEBUG Horse: Создание Horse, имя [36], скорость [3.6]
2024-10-27 21:47:01,639 DEBUG Horse: Создание Horse, имя [37], скорость [3.7]
2024-10-27 21:47:01,639 DEBUG Horse: Создание Horse, имя [38], скорость [3.8]
2024-10-27 21:47:01,639 DEBUG Horse: Создание Horse, имя [39], скорость [3.9]
2024-10-27 21:47:01,639 DEBUG Horse: Создание Horse, имя [40], скорость [4.0]
2024-10-27 21:47:01,640 DEBUG Horse: Создание Horse, имя [41], скорость [4.1]
2024-10-27 21:47:01,640 DEBUG Horse: Создание Horse, имя [42], скорость [4.2]
2024-10-27 21:47:01,640 DEBUG Horse: Создание Horse, имя [43], скорость [4.3]
2024-10-27 21:47:01,641 DEBUG Horse: Создание Horse, имя [44], скорость [4.4]
2024-10-27 21:47:01,641 DEBUG Horse: Создание Horse, имя [45], скорость [4.5]
2024-10-27 21:47:01,641 DEBUG Horse: Создание Horse, имя [46], скорость [4.6]
2024-10-27 21:47:01,642 DEBUG Horse: Создание Horse, имя [47], скорость [4.7]
2024-10-27 21:47:01,642 DEBUG Horse: Создание Horse, имя [48], скорость [4.8]
2024-10-27 21:47:01,642 DEBUG Horse: Создание Horse, имя [49], скорость [4.9]
2024-10-27 21:47:01,643 DEBUG Hippodrome: Создание Hippodrome, лошадей [50]
2024-10-27 21:47:01,752 ERROR Hippodrome: Horses list is empty
2024-10-27 21:47:01,771 ERROR Horse: Name is null
2024-10-27 21:47:01,771 ERROR Horse: Name is null
2024-10-27 21:47:01,773 DEBUG Horse: Создание Horse, имя [name], скорость [2.5]
2024-10-27 21:47:01,837 ERROR Horse: Name is blank
2024-10-27 21:47:01,844 ERROR Horse: Name is blank
2024-10-27 21:47:01,847 ERROR Horse: Name is blank
2024-10-27 21:47:01,849 ERROR Horse: Name is blank
2024-10-27 21:47:01,868 DEBUG Horse: Создание Horse, имя [name], скорость [3.0]
2024-10-27 21:47:01,878 DEBUG Horse: Создание Horse, имя [name], скорость [3.0]
2024-10-27 21:47:01,882 DEBUG Horse: Создание Horse, имя [name], скорость [3.0]
2024-10-27 21:47:01,887 DEBUG Horse: Создание Horse, имя [name], скорость [3.0]
2024-10-27 21:47:01,890 ERROR Horse: Speed is negative
2024-10-27 21:47:01,892 DEBUG Horse: Создание Horse, имя [name], скорость [2.5]
2024-10-27 21:47:01,894 ERROR Horse: Distance is negative
2024-10-27 21:47:01,896 DEBUG Horse: Создание Horse, имя [name], скорость [2.5]
2024-10-27 21:47:01,896 DEBUG Horse: Создание Horse, имя [Name], скорость [3.0]
2024-10-27 21:47:01,897 DEBUG Horse: Создание Horse, имя [name], скорость [3.0]
2024-10-27 21:47:01,910 DEBUG Horse: Создание Horse, имя [Bucephalus], скорость [2.4]
2024-10-27 21:47:01,910 DEBUG Horse: Создание Horse, имя [Ace of Spades], скорость [2.5]
2024-10-27 21:47:01,911 DEBUG Horse: Создание Horse, имя [Zephyr], скорость [2.6]
2024-10-27 21:47:01,911 DEBUG Horse: Создание Horse, имя [Blaze], скорость [2.7]
2024-10-27 21:47:01,911 DEBUG Horse: Создание Horse, имя [Lobster], скорость [2.8]
2024-10-27 21:47:01,911 DEBUG Horse: Создание Horse, имя [Pegasus], скорость [2.9]
2024-10-27 21:47:01,911 DEBUG Horse: Создание Horse, имя [Cherry], скорость [3.0]
2024-10-27 21:47:01,912 DEBUG Hippodrome: Создание Hippodrome, лошадей [7]
2024-10-27 21:47:01,912 INFO Main: Начало скачек. Количество участников: 7
2024-10-27 21:47:02,124 INFO Main: Окончание скачек. Победитель: Pegasus
2024-10-27 21:52:48,553 ERROR Hippodrome: Horses list is null
2024-10-27 21:52:48,582 DEBUG Horse: Создание Horse, имя [0], скорость [0.0]
2024-10-27 21:52:48,582 DEBUG Horse: Создание Horse, имя [1], скорость [0.1]
2024-10-27 21:52:48,583 DEBUG Horse: Создание Horse, имя [2], скорость [0.2]
2024-10-27 21:52:48,583 DEBUG Horse: Создание Horse, имя [3], скорость [0.3]
2024-10-27 21:52:48,583 DEBUG Horse: Создание Horse, имя [4], скорость [0.4]
2024-10-27 21:52:48,583 DEBUG Horse: Создание Horse, имя [5], скорость [0.5]
2024-10-27 21:52:48,583 DEBUG Horse: Создание Horse, имя [6], скорость [0.6]
2024-10-27 21:52:48,583 DEBUG Horse: Создание Horse, имя [7], скорость [0.7]
2024-10-27 21:52:48,583 DEBUG Horse: Создание Horse, имя [8], скорость [0.8]
2024-10-27 21:52:48,583 DEBUG Horse: Создание Horse, имя [9], скорость [0.9]
2024-10-27 21:52:48,583 DEBUG Horse: Создание Horse, имя [10], скорость [1.0]
2024-10-27 21:52:48,583 DEBUG Horse: Создание Horse, имя [11], скорость [1.1]
2024-10-27 21:52:48,584 DEBUG Horse: Создание Horse, имя [12], скорость [1.2]
2024-10-27 21:52:48,584 DEBUG Horse: Создание Horse, имя [13], скорость [1.3]
2024-10-27 21:52:48,584 DEBUG Horse: Создание Horse, имя [14], скорость [1.4]
2024-10-27 21:52:48,584 DEBUG Horse: Создание Horse, имя [15], скорость [1.5]
2024-10-27 21:52:48,584 DEBUG Horse: Создание Horse, имя [16], скорость [1.6]
2024-10-27 21:52:48,584 DEBUG Horse: Создание Horse, имя [17], скорость [1.7]
2024-10-27 21:52:48,584 DEBUG Horse: Создание Horse, имя [18], скорость [1.8]
2024-10-27 21:52:48,584 DEBUG Horse: Создание Horse, имя [19], скорость [1.9]
2024-10-27 21:52:48,584 DEBUG Horse: Создание Horse, имя [20], скорость [2.0]
2024-10-27 21:52:48,584 DEBUG Horse: Создание Horse, имя [21], скорость [2.1]
2024-10-27 21:52:48,584 DEBUG Horse: Создание Horse, имя [22], скорость [2.2]
2024-10-27 21:52:48,585 DEBUG Horse: Создание Horse, имя [23], скорость [2.3]
2024-10-27 21:52:48,585 DEBUG Horse: Создание Horse, имя [24], скорость [2.4]
2024-10-27 21:52:48,585 DEBUG Horse: Создание Horse, имя [25], скорость [2.5]
2024-10-27 21:52:48,585 DEBUG Horse: Создание Horse, имя [26], скорость [2.6]
2024-10-27 21:52:48,585 DEBUG Horse: Создание Horse, имя [27], скорость [2.7]
2024-10-27 21:52:48,585 DEBUG Horse: Создание Horse, имя [28], скорость [2.8]
2024-10-27 21:52:48,585 DEBUG Horse: Создание Horse, имя [29], скорость [2.9]
2024-10-27 21:52:48,585 DEBUG Hippodrome: Создание Hippodrome, лошадей [30]
2024-10-27 21:52:48,588 DEBUG Horse: Создание Horse, имя [0], скорость [0.0]
2024-10-27 21:52:48,588 DEBUG Horse: Создание Horse, имя [1], скорость [0.1]
2024-10-27 21:52:48,588 DEBUG Horse: Создание Horse, имя [2], скорость [0.2]
2024-10-27 21:52:48,588 DEBUG Horse: Создание Horse, имя [3], скорость [0.3]
2024-10-27 21:52:48,588 DEBUG Horse: Создание Horse, имя [4], скорость [0.4]
2024-10-27 21:52:48,588 DEBUG Horse: Создание Horse, имя [5], скорость [0.5]
2024-10-27 21:52:48,588 DEBUG Horse: Создание Horse, имя [6], скорость [0.6]
2024-10-27 21:52:48,588 DEBUG Horse: Создание Horse, имя [7], скорость [0.7]
2024-10-27 21:52:48,588 DEBUG Horse: Создание Horse, имя [8], скорость [0.8]
2024-10-27 21:52:48,588 DEBUG Horse: Создание Horse, имя [9], скорость [0.9]
2024-10-27 21:52:48,589 DEBUG Horse: Создание Horse, имя [10], скорость [1.0]
2024-10-27 21:52:48,589 DEBUG Horse: Создание Horse, имя [11], скорость [1.1]
2024-10-27 21:52:48,589 DEBUG Horse: Создание Horse, имя [12], скорость [1.2]
2024-10-27 21:52:48,589 DEBUG Horse: Создание Horse, имя [13], скорость [1.3]
2024-10-27 21:52:48,589 DEBUG Horse: Создание Horse, имя [14], скорость [1.4]
2024-10-27 21:52:48,589 DEBUG Horse: Создание Horse, имя [15], скорость [1.5]
2024-10-27 21:52:48,589 DEBUG Horse: Создание Horse, имя [16], скорость [1.6]
2024-10-27 21:52:48,589 DEBUG Horse: Создание Horse, имя [17], скорость [1.7]
2024-10-27 21:52:48,589 DEBUG Horse: Создание Horse, имя [18], скорость [1.8]
2024-10-27 21:52:48,589 DEBUG Horse: Создание Horse, имя [19], скорость [1.9]
2024-10-27 21:52:48,589 DEBUG Horse: Создание Horse, имя [20], скорость [2.0]
2024-10-27 21:52:48,589 DEBUG Horse: Создание Horse, имя [21], скорость [2.1]
2024-10-27 21:52:48,590 DEBUG Horse: Создание Horse, имя [22], скорость [2.2]
2024-10-27 21:52:48,590 DEBUG Horse: Создание Horse, имя [23], скорость [2.3]
2024-10-27 21:52:48,590 DEBUG Horse: Создание Horse, имя [24], скорость [2.4]
2024-10-27 21:52:48,590 DEBUG Horse: Создание Horse, имя [25], скорость [2.5]
2024-10-27 21:52:48,590 DEBUG Horse: Создание Horse, имя [26], скорость [2.6]
2024-10-27 21:52:48,590 DEBUG Horse: Создание Horse, имя [27], скорость [2.7]
2024-10-27 21:52:48,590 DEBUG Horse: Создание Horse, имя [28], скорость [2.8]
2024-10-27 21:52:48,590 DEBUG Horse: Создание Horse, имя [29], скорость [2.9]
2024-10-27 21:52:48,590 DEBUG Hippodrome: Создание Hippodrome, лошадей [30]
2024-10-27 21:52:49,420 DEBUG Horse: Создание Horse, имя [0], скорость [0.0]
2024-10-27 21:52:49,532 DEBUG Horse: Создание Horse, имя [1], скорость [0.1]
2024-10-27 21:52:49,533 DEBUG Horse: Создание Horse, имя [2], скорость [0.2]
2024-10-27 21:52:49,533 DEBUG Horse: Создание Horse, имя [3], скорость [0.3]
2024-10-27 21:52:49,534 DEBUG Horse: Создание Horse, имя [4], скорость [0.4]
2024-10-27 21:52:49,535 DEBUG Horse: Создание Horse, имя [5], скорость [0.5]
2024-10-27 21:52:49,535 DEBUG Horse: Создание Horse, имя [6], скорость [0.6]
2024-10-27 21:52:49,536 DEBUG Horse: Создание Horse, имя [7], скорость [0.7]
2024-10-27 21:52:49,537 DEBUG Horse: Создание Horse, имя [8], скорость [0.8]
2024-10-27 21:52:49,537 DEBUG Horse: Создание Horse, имя [9], скорость [0.9]
2024-10-27 21:52:49,538 DEBUG Horse: Создание Horse, имя [10], скорость [1.0]
2024-10-27 21:52:49,538 DEBUG Horse: Создание Horse, имя [11], скорость [1.1]
2024-10-27 21:52:49,538 DEBUG Horse: Создание Horse, имя [12], скорость [1.2]
2024-10-27 21:52:49,539 DEBUG Horse: Создание Horse, имя [13], скорость [1.3]
2024-10-27 21:52:49,539 DEBUG Horse: Создание Horse, имя [14], скорость [1.4]
2024-10-27 21:52:49,540 DEBUG Horse: Создание Horse, имя [15], скорость [1.5]
2024-10-27 21:52:49,540 DEBUG Horse: Создание Horse, имя [16], скорость [1.6]
2024-10-27 21:52:49,541 DEBUG Horse: Создание Horse, имя [17], скорость [1.7]
2024-10-27 21:52:49,541 DEBUG Horse: Создание Horse, имя [18], скорость [1.8]
2024-10-27 21:52:49,542 DEBUG Horse: Создание Horse, имя [19], скорость [1.9]
2024-10-27 21:52:49,542 DEBUG Horse: Создание Horse, имя [20], скорость [2.0]
2024-10-27 21:52:49,543 DEBUG Horse: Создание Horse, имя [21], скорость [2.1]
2024-10-27 21:52:49,543 DEBUG Horse: Создание Horse, имя [22], скорость [2.2]
2024-10-27 21:52:49,543 DEBUG Horse: Создание Horse, имя [23], скорость [2.3]
2024-10-27 21:52:49,544 DEBUG Horse: Создание Horse, имя [24], скорость [2.4]
2024-10-27 21:52:49,544 DEBUG Horse: Создание Horse, имя [25], скорость [2.5]
2024-10-27 21:52:49,545 DEBUG Horse: Создание Horse, имя [26], скорость [2.6]
2024-10-27 21:52:49,545 DEBUG Horse: Создание Horse, имя [27], скорость [2.7]
2024-10-27 21:52:49,545 DEBUG Horse: Создание Horse, имя [28], скорость [2.8]
2024-10-27 21:52:49,546 DEBUG Horse: Создание Horse, имя [29], скорость [2.9]
2024-10-27 21:52:49,546 DEBUG Horse: Создание Horse, имя [30], скорость [3.0]
2024-10-27 21:52:49,547 DEBUG Horse: Создание Horse, имя [31], скорость [3.1]
2024-10-27 21:52:49,547 DEBUG Horse: Создание Horse, имя [32], скорость [3.2]
2024-10-27 21:52:49,547 DEBUG Horse: Создание Horse, имя [33], скорость [3.3]
2024-10-27 21:52:49,547 DEBUG Horse: Создание Horse, имя [34], скорость [3.4]
2024-10-27 21:52:49,548 DEBUG Horse: Создание Horse, имя [35], скорость [3.5]
2024-10-27 21:52:49,548 DEBUG Horse: Создание Horse, имя [36], скорость [3.6]
2024-10-27 21:52:49,549 DEBUG Horse: Создание Horse, имя [37], скорость [3.7]
2024-10-27 21:52:49,549 DEBUG Horse: Создание Horse, имя [38], скорость [3.8]
2024-10-27 21:52:49,549 DEBUG Horse: Создание Horse, имя [39], скорость [3.9]
2024-10-27 21:52:49,549 DEBUG Horse: Создание Horse, имя [40], скорость [4.0]
2024-10-27 21:52:49,550 DEBUG Horse: Создание Horse, имя [41], скорость [4.1]
2024-10-27 21:52:49,550 DEBUG Horse: Создание Horse, имя [42], скорость [4.2]
2024-10-27 21:52:49,550 DEBUG Horse: Создание Horse, имя [43], скорость [4.3]
2024-10-27 21:52:49,550 DEBUG Horse: Создание Horse, имя [44], скорость [4.4]
2024-10-27 21:52:49,552 DEBUG Horse: Создание Horse, имя [45], скорость [4.5]
2024-10-27 21:52:49,552 DEBUG Horse: Создание Horse, имя [46], скорость [4.6]
2024-10-27 21:52:49,552 DEBUG Horse: Создание Horse, имя [47], скорость [4.7]
2024-10-27 21:52:49,553 DEBUG Horse: Создание Horse, имя [48], скорость [4.8]
2024-10-27 21:52:49,553 DEBUG Horse: Создание Horse, имя [49], скорость [4.9]
2024-10-27 21:52:49,554 DEBUG Hippodrome: Создание Hippodrome, лошадей [50]
2024-10-27 21:52:49,661 ERROR Hippodrome: Horses list is empty
2024-10-27 21:52:49,680 ERROR Horse: Name is null
2024-10-27 21:52:49,680 ERROR Horse: Name is null
2024-10-27 21:52:49,684 DEBUG Horse: Создание Horse, имя [name], скорость [2.5]
2024-10-27 21:52:49,749 ERROR Horse: Name is blank
2024-10-27 21:52:49,756 ERROR Horse: Name is blank
2024-10-27 21:52:49,759 ERROR Horse: Name is blank
2024-10-27 21:52:49,761 ERROR Horse: Name is blank
2024-10-27 21:52:49,780 DEBUG Horse: Создание Horse, имя [name], скорость [3.0]
2024-10-27 21:52:49,790 DEBUG Horse: Создание Horse, имя [name], скорость [3.0]
2024-10-27 21:52:49,795 DEBUG Horse: Создание Horse, имя [name], скорость [3.0]
2024-10-27 21:52:49,799 DEBUG Horse: Создание Horse, имя [name], скорость [3.0]
2024-10-27 21:52:49,803 ERROR Horse: Speed is negative
2024-10-27 21:52:49,804 DEBUG Horse: Создание Horse, имя [name], скорость [2.5]
2024-10-27 21:52:49,806 ERROR Horse: Distance is negative
2024-10-27 21:52:49,807 DEBUG Horse: Создание Horse, имя [name], скорость [2.5]
2024-10-27 21:52:49,807 DEBUG Horse: Создание Horse, имя [Name], скорость [3.0]
2024-10-27 21:52:49,809 DEBUG Horse: Создание Horse, имя [name], скорость [3.0]
